****                   ADMIXTURE Version 1.3.0                  ****
****                    Copyright 2008-2015                     ****
****           David Alexander, Suyash Shringarpure,            ****
****                John  Novembre, Ken Lange                   ****
****                                                            ****
****                 Please cite our paper!                     ****
****   Information at www.genetics.ucla.edu/software/admixture  ****

Cross-validation will be performed.  Folds=10.
Parallel execution requested.  Will use 6 threads.
Random seed: 123
Point estimation method: Block relaxation algorithm
Convergence acceleration algorithm: QuasiNewton, 3 secant conditions
Point estimation will terminate when objective function delta < 0.0001
Estimation of standard errors disabled; will compute point estimates only.
Size of G: 40x7599
Performing five EM steps to prime main algorithm
1 (EM) 	Elapsed: 0.021	Loglikelihood: -237518	(delta): 271249
2 (EM) 	Elapsed: 0.024	Loglikelihood: -237518	(delta): 2.91038e-11
3 (EM) 	Elapsed: 0.021	Loglikelihood: -237518	(delta): 0
4 (EM) 	Elapsed: 0.026	Loglikelihood: -237518	(delta): -2.91038e-11
5 (EM) 	Elapsed: 0.026	Loglikelihood: -237518	(delta): 5.82077e-11
Initial loglikelihood: -237518
Starting main algorithm
1 (QN/Block) 	Elapsed: 0.097	Loglikelihood: -237518	(delta): 0
Summary: 
Converged in 1 iterations (0.305 sec)
Loglikelihood: -237518.274425
CV error (K=1): 0.91850
Writing output files.
