****                   ADMIXTURE Version 1.3.0                  ****
****                    Copyright 2008-2015                     ****
****           David Alexander, Suyash Shringarpure,            ****
****                John  Novembre, Ken Lange                   ****
****                                                            ****
****                 Please cite our paper!                     ****
****   Information at www.genetics.ucla.edu/software/admixture  ****

Cross-validation will be performed.  Folds=10.
Parallel execution requested.  Will use 6 threads.
Random seed: 123
Point estimation method: Block relaxation algorithm
Convergence acceleration algorithm: QuasiNewton, 3 secant conditions
Point estimation will terminate when objective function delta < 0.0001
Estimation of standard errors disabled; will compute point estimates only.
Size of G: 40x7599
Performing five EM steps to prime main algorithm
1 (EM) 	Elapsed: 0.632	Loglikelihood: -240409	(delta): 129828
2 (EM) 	Elapsed: 0.708	Loglikelihood: -223531	(delta): 16878.3
3 (EM) 	Elapsed: 0.716	Loglikelihood: -208538	(delta): 14993
4 (EM) 	Elapsed: 0.7	Loglikelihood: -189862	(delta): 18676
5 (EM) 	Elapsed: 0.688	Loglikelihood: -168829	(delta): 21032.7
Initial loglikelihood: -168829
Starting main algorithm
1 (QN/Block) 	Elapsed: 0.337	Loglikelihood: -101337	(delta): 67492.4
2 (QN/Block) 	Elapsed: 0.351	Loglikelihood: -86022.1	(delta): 15314.6
3 (QN/Block) 	Elapsed: 0.846	Loglikelihood: -79135.6	(delta): 6886.59
4 (QN/Block) 	Elapsed: 0.644	Loglikelihood: -75181.2	(delta): 3954.4
5 (QN/Block) 	Elapsed: 0.774	Loglikelihood: -73080.2	(delta): 2100.92
6 (QN/Block) 	Elapsed: 0.641	Loglikelihood: -72444.3	(delta): 635.939
7 (QN/Block) 	Elapsed: 0.908	Loglikelihood: -72347.8	(delta): 96.4897
8 (QN/Block) 	Elapsed: 0.618	Loglikelihood: -72319.9	(delta): 27.8986
9 (QN/Block) 	Elapsed: 0.601	Loglikelihood: -72306.4	(delta): 13.5129
10 (QN/Block) 	Elapsed: 0.661	Loglikelihood: -72296.9	(delta): 9.49865
11 (QN/Block) 	Elapsed: 0.797	Loglikelihood: -72295.4	(delta): 1.53597
12 (QN/Block) 	Elapsed: 0.821	Loglikelihood: -72293.7	(delta): 1.64614
13 (QN/Block) 	Elapsed: 0.823	Loglikelihood: -72292.1	(delta): 1.64443
14 (QN/Block) 	Elapsed: 1.071	Loglikelihood: -72290.4	(delta): 1.64485
15 (QN/Block) 	Elapsed: 1.115	Loglikelihood: -72287.2	(delta): 3.27223
16 (QN/Block) 	Elapsed: 1.047	Loglikelihood: -72286.2	(delta): 0.921992
17 (QN/Block) 	Elapsed: 0.908	Loglikelihood: -72286.2	(delta): 0.00723268
18 (QN/Block) 	Elapsed: 0.858	Loglikelihood: -72286.2	(delta): 0.00181915
19 (QN/Block) 	Elapsed: 0.722	Loglikelihood: -72286.2	(delta): 0.000154987
20 (QN/Block) 	Elapsed: 0.643	Loglikelihood: -72286.2	(delta): 3.02047e-05
Summary: 
Converged in 20 iterations (20.479 sec)
Loglikelihood: -72286.219500
Fst divergences between estimated populations: 
	Pop0	Pop1	Pop2	Pop3	Pop4	Pop5	Pop6	Pop7	Pop8	
Pop0	
Pop1	0.781	
Pop2	0.167	0.789	
Pop3	0.431	0.752	0.448	
Pop4	0.859	0.450	0.868	0.828	
Pop5	0.129	0.775	0.165	0.424	0.854	
Pop6	0.199	0.789	0.250	0.468	0.869	0.202	
Pop7	0.783	0.231	0.792	0.753	0.466	0.778	0.793	
Pop8	0.637	0.718	0.649	0.580	0.797	0.630	0.655	0.722	
Pop9	0.759	0.734	0.769	0.690	0.818	0.754	0.773	0.739	0.537	
CV error (K=10): 0.86529
Writing output files.
