****                   ADMIXTURE Version 1.3.0                  ****
****                    Copyright 2008-2015                     ****
****           David Alexander, Suyash Shringarpure,            ****
****                John  Novembre, Ken Lange                   ****
****                                                            ****
****                 Please cite our paper!                     ****
****   Information at www.genetics.ucla.edu/software/admixture  ****

Cross-validation will be performed.  Folds=10.
Parallel execution requested.  Will use 6 threads.
Random seed: 123
Point estimation method: Block relaxation algorithm
Convergence acceleration algorithm: QuasiNewton, 3 secant conditions
Point estimation will terminate when objective function delta < 0.0001
Estimation of standard errors disabled; will compute point estimates only.
Size of G: 40x7599
Performing five EM steps to prime main algorithm
1 (EM) 	Elapsed: 0.053	Loglikelihood: -245425	(delta): 186648
2 (EM) 	Elapsed: 0.051	Loglikelihood: -237172	(delta): 8252.65
3 (EM) 	Elapsed: 0.051	Loglikelihood: -233750	(delta): 3421.9
4 (EM) 	Elapsed: 0.052	Loglikelihood: -230258	(delta): 3491.92
5 (EM) 	Elapsed: 0.045	Loglikelihood: -224845	(delta): 5412.82
Initial loglikelihood: -224845
Starting main algorithm
1 (QN/Block) 	Elapsed: 0.096	Loglikelihood: -140512	(delta): 84332.9
2 (QN/Block) 	Elapsed: 0.096	Loglikelihood: -131587	(delta): 8925.46
3 (QN/Block) 	Elapsed: 0.206	Loglikelihood: -126408	(delta): 5178.55
4 (QN/Block) 	Elapsed: 0.169	Loglikelihood: -121839	(delta): 4569.08
5 (QN/Block) 	Elapsed: 0.168	Loglikelihood: -120367	(delta): 1472.11
6 (QN/Block) 	Elapsed: 0.171	Loglikelihood: -119734	(delta): 632.868
7 (QN/Block) 	Elapsed: 0.21	Loglikelihood: -119656	(delta): 77.9226
8 (QN/Block) 	Elapsed: 0.177	Loglikelihood: -119655	(delta): 0.944928
9 (QN/Block) 	Elapsed: 0.183	Loglikelihood: -119655	(delta): 0.00926279
10 (QN/Block) 	Elapsed: 0.181	Loglikelihood: -119655	(delta): 0.000240065
11 (QN/Block) 	Elapsed: 0.168	Loglikelihood: -119655	(delta): 4.31188e-07
Summary: 
Converged in 11 iterations (2.365 sec)
Loglikelihood: -119655.353759
Fst divergences between estimated populations: 
	Pop0	
Pop0	
Pop1	0.697	
CV error (K=2): 0.50198
Writing output files.
