****                   ADMIXTURE Version 1.3.0                  ****
****                    Copyright 2008-2015                     ****
****           David Alexander, Suyash Shringarpure,            ****
****                John  Novembre, Ken Lange                   ****
****                                                            ****
****                 Please cite our paper!                     ****
****   Information at www.genetics.ucla.edu/software/admixture  ****

Cross-validation will be performed.  Folds=10.
Parallel execution requested.  Will use 6 threads.
Random seed: 123
Point estimation method: Block relaxation algorithm
Convergence acceleration algorithm: QuasiNewton, 3 secant conditions
Point estimation will terminate when objective function delta < 0.0001
Estimation of standard errors disabled; will compute point estimates only.
Size of G: 40x7599
Performing five EM steps to prime main algorithm
1 (EM) 	Elapsed: 0.085	Loglikelihood: -245690	(delta): 163496
2 (EM) 	Elapsed: 0.087	Loglikelihood: -234920	(delta): 10770.7
3 (EM) 	Elapsed: 0.089	Loglikelihood: -228367	(delta): 6552.88
4 (EM) 	Elapsed: 0.086	Loglikelihood: -219279	(delta): 9087.59
5 (EM) 	Elapsed: 0.093	Loglikelihood: -203550	(delta): 15728.9
Initial loglikelihood: -203550
Starting main algorithm
1 (QN/Block) 	Elapsed: 0.129	Loglikelihood: -126990	(delta): 76560.2
2 (QN/Block) 	Elapsed: 0.123	Loglikelihood: -111097	(delta): 15892.7
3 (QN/Block) 	Elapsed: 0.226	Loglikelihood: -101801	(delta): 9296.02
4 (QN/Block) 	Elapsed: 0.229	Loglikelihood: -95470.2	(delta): 6331.17
5 (QN/Block) 	Elapsed: 0.268	Loglikelihood: -92779.3	(delta): 2690.94
6 (QN/Block) 	Elapsed: 0.209	Loglikelihood: -92183.3	(delta): 595.987
7 (QN/Block) 	Elapsed: 0.268	Loglikelihood: -92126.8	(delta): 56.4547
8 (QN/Block) 	Elapsed: 0.205	Loglikelihood: -92124.9	(delta): 1.88753
9 (QN/Block) 	Elapsed: 0.227	Loglikelihood: -92124.2	(delta): 0.769833
10 (QN/Block) 	Elapsed: 0.264	Loglikelihood: -92124.2	(delta): 0.00618646
11 (QN/Block) 	Elapsed: 0.209	Loglikelihood: -92124.2	(delta): 2.65939e-06
Summary: 
Converged in 11 iterations (3.19 sec)
Loglikelihood: -92124.166301
Fst divergences between estimated populations: 
	Pop0	Pop1	
Pop0	
Pop1	0.675	
Pop2	0.713	0.756	
CV error (K=3): 0.43547
Writing output files.
