****                   ADMIXTURE Version 1.3.0                  ****
****                    Copyright 2008-2015                     ****
****           David Alexander, Suyash Shringarpure,            ****
****                John  Novembre, Ken Lange                   ****
****                                                            ****
****                 Please cite our paper!                     ****
****   Information at www.genetics.ucla.edu/software/admixture  ****

Cross-validation will be performed.  Folds=10.
Parallel execution requested.  Will use 6 threads.
Random seed: 123
Point estimation method: Block relaxation algorithm
Convergence acceleration algorithm: QuasiNewton, 3 secant conditions
Point estimation will terminate when objective function delta < 0.0001
Estimation of standard errors disabled; will compute point estimates only.
Size of G: 40x7599
Performing five EM steps to prime main algorithm
1 (EM) 	Elapsed: 0.132	Loglikelihood: -241976	(delta): 154839
2 (EM) 	Elapsed: 0.132	Loglikelihood: -221865	(delta): 20111.5
3 (EM) 	Elapsed: 0.155	Loglikelihood: -198791	(delta): 23073.7
4 (EM) 	Elapsed: 0.16	Loglikelihood: -170131	(delta): 28659.6
5 (EM) 	Elapsed: 0.14	Loglikelihood: -146899	(delta): 23232.7
Initial loglikelihood: -146899
Starting main algorithm
1 (QN/Block) 	Elapsed: 0.148	Loglikelihood: -114563	(delta): 32335.8
2 (QN/Block) 	Elapsed: 0.146	Loglikelihood: -100413	(delta): 14150.2
3 (QN/Block) 	Elapsed: 0.303	Loglikelihood: -94569.7	(delta): 5843.05
4 (QN/Block) 	Elapsed: 0.258	Loglikelihood: -90392.1	(delta): 4177.58
5 (QN/Block) 	Elapsed: 0.336	Loglikelihood: -89387.6	(delta): 1004.48
6 (QN/Block) 	Elapsed: 0.27	Loglikelihood: -89040.7	(delta): 346.92
7 (QN/Block) 	Elapsed: 0.257	Loglikelihood: -88923.5	(delta): 117.146
8 (QN/Block) 	Elapsed: 0.258	Loglikelihood: -88914.5	(delta): 9.00527
9 (QN/Block) 	Elapsed: 0.334	Loglikelihood: -88910	(delta): 4.53689
10 (QN/Block) 	Elapsed: 0.333	Loglikelihood: -88907.3	(delta): 2.67535
11 (QN/Block) 	Elapsed: 0.371	Loglikelihood: -88898.7	(delta): 8.62856
12 (QN/Block) 	Elapsed: 0.308	Loglikelihood: -88887.1	(delta): 11.618
13 (QN/Block) 	Elapsed: 0.254	Loglikelihood: -88877.4	(delta): 9.64384
14 (QN/Block) 	Elapsed: 0.304	Loglikelihood: -88874.7	(delta): 2.69434
15 (QN/Block) 	Elapsed: 0.33	Loglikelihood: -88874.2	(delta): 0.543103
16 (QN/Block) 	Elapsed: 0.33	Loglikelihood: -88873.2	(delta): 1.02822
17 (QN/Block) 	Elapsed: 0.329	Loglikelihood: -88871.2	(delta): 1.98309
18 (QN/Block) 	Elapsed: 0.323	Loglikelihood: -88871.1	(delta): 0.0810525
19 (QN/Block) 	Elapsed: 0.286	Loglikelihood: -88871.1	(delta): 0.0138589
20 (QN/Block) 	Elapsed: 0.255	Loglikelihood: -88871.1	(delta): 0.000650371
21 (QN/Block) 	Elapsed: 0.254	Loglikelihood: -88871.1	(delta): 6.33061e-06
Summary: 
Converged in 21 iterations (7.457 sec)
Loglikelihood: -88871.096176
Fst divergences between estimated populations: 
	Pop0	Pop1	Pop2	
Pop0	
Pop1	0.748	
Pop2	0.684	0.715	
Pop3	0.754	0.090	0.721	
CV error (K=4): 0.49197
Writing output files.
