****                   ADMIXTURE Version 1.3.0                  ****
****                    Copyright 2008-2015                     ****
****           David Alexander, Suyash Shringarpure,            ****
****                John  Novembre, Ken Lange                   ****
****                                                            ****
****                 Please cite our paper!                     ****
****   Information at www.genetics.ucla.edu/software/admixture  ****

Cross-validation will be performed.  Folds=10.
Parallel execution requested.  Will use 6 threads.
Random seed: 123
Point estimation method: Block relaxation algorithm
Convergence acceleration algorithm: QuasiNewton, 3 secant conditions
Point estimation will terminate when objective function delta < 0.0001
Estimation of standard errors disabled; will compute point estimates only.
Size of G: 40x7599
Performing five EM steps to prime main algorithm
1 (EM) 	Elapsed: 0.175	Loglikelihood: -243884	(delta): 143410
2 (EM) 	Elapsed: 0.205	Loglikelihood: -227563	(delta): 16320.2
3 (EM) 	Elapsed: 0.236	Loglikelihood: -210992	(delta): 16571.7
4 (EM) 	Elapsed: 0.248	Loglikelihood: -186933	(delta): 24058.2
5 (EM) 	Elapsed: 0.243	Loglikelihood: -159805	(delta): 27128.7
Initial loglikelihood: -159805
Starting main algorithm
1 (QN/Block) 	Elapsed: 0.174	Loglikelihood: -119009	(delta): 40795.5
2 (QN/Block) 	Elapsed: 0.184	Loglikelihood: -102507	(delta): 16502.4
3 (QN/Block) 	Elapsed: 0.409	Loglikelihood: -93518.6	(delta): 8988.16
4 (QN/Block) 	Elapsed: 0.308	Loglikelihood: -87915.5	(delta): 5603.11
5 (QN/Block) 	Elapsed: 0.397	Loglikelihood: -85937.3	(delta): 1978.17
6 (QN/Block) 	Elapsed: 0.393	Loglikelihood: -85431.7	(delta): 505.57
7 (QN/Block) 	Elapsed: 0.331	Loglikelihood: -85196.4	(delta): 235.348
8 (QN/Block) 	Elapsed: 0.318	Loglikelihood: -85147.7	(delta): 48.6345
9 (QN/Block) 	Elapsed: 0.411	Loglikelihood: -85144	(delta): 3.72121
10 (QN/Block) 	Elapsed: 0.408	Loglikelihood: -85143.6	(delta): 0.405975
11 (QN/Block) 	Elapsed: 0.399	Loglikelihood: -85143.6	(delta): 0.000541369
12 (QN/Block) 	Elapsed: 0.379	Loglikelihood: -85143.6	(delta): 5.05806e-05
Summary: 
Converged in 12 iterations (5.877 sec)
Loglikelihood: -85143.601953
Fst divergences between estimated populations: 
	Pop0	Pop1	Pop2	Pop3	
Pop0	
Pop1	0.116	
Pop2	0.716	0.735	
Pop3	0.740	0.753	0.698	
Pop4	0.495	0.511	0.674	0.738	
CV error (K=5): 0.60321
Writing output files.
