****                   ADMIXTURE Version 1.3.0                  ****
****                    Copyright 2008-2015                     ****
****           David Alexander, Suyash Shringarpure,            ****
****                John  Novembre, Ken Lange                   ****
****                                                            ****
****                 Please cite our paper!                     ****
****   Information at www.genetics.ucla.edu/software/admixture  ****

Cross-validation will be performed.  Folds=10.
Parallel execution requested.  Will use 6 threads.
Random seed: 123
Point estimation method: Block relaxation algorithm
Convergence acceleration algorithm: QuasiNewton, 3 secant conditions
Point estimation will terminate when objective function delta < 0.0001
Estimation of standard errors disabled; will compute point estimates only.
Size of G: 40x7599
Performing five EM steps to prime main algorithm
1 (EM) 	Elapsed: 0.246	Loglikelihood: -241248	(delta): 139865
2 (EM) 	Elapsed: 0.311	Loglikelihood: -222305	(delta): 18943.3
3 (EM) 	Elapsed: 0.283	Loglikelihood: -202902	(delta): 19402.6
4 (EM) 	Elapsed: 0.274	Loglikelihood: -178696	(delta): 24205.6
5 (EM) 	Elapsed: 0.283	Loglikelihood: -154332	(delta): 24364.3
Initial loglikelihood: -154332
Starting main algorithm
1 (QN/Block) 	Elapsed: 0.211	Loglikelihood: -108733	(delta): 45598.6
2 (QN/Block) 	Elapsed: 0.215	Loglikelihood: -96176.5	(delta): 12556.9
3 (QN/Block) 	Elapsed: 0.505	Loglikelihood: -89448.5	(delta): 6727.97
4 (QN/Block) 	Elapsed: 0.484	Loglikelihood: -84861.4	(delta): 4587.17
5 (QN/Block) 	Elapsed: 0.378	Loglikelihood: -82953.9	(delta): 1907.45
6 (QN/Block) 	Elapsed: 0.472	Loglikelihood: -82233.1	(delta): 720.834
7 (QN/Block) 	Elapsed: 0.476	Loglikelihood: -81858.9	(delta): 374.172
8 (QN/Block) 	Elapsed: 0.393	Loglikelihood: -81540.8	(delta): 318.072
9 (QN/Block) 	Elapsed: 0.41	Loglikelihood: -81352.3	(delta): 188.521
10 (QN/Block) 	Elapsed: 0.462	Loglikelihood: -81253.6	(delta): 98.7619
11 (QN/Block) 	Elapsed: 0.447	Loglikelihood: -81209.5	(delta): 44.0547
12 (QN/Block) 	Elapsed: 0.486	Loglikelihood: -81187.7	(delta): 21.7726
13 (QN/Block) 	Elapsed: 0.563	Loglikelihood: -81176.3	(delta): 11.4147
14 (QN/Block) 	Elapsed: 0.357	Loglikelihood: -81175.3	(delta): 1.02892
15 (QN/Block) 	Elapsed: 0.471	Loglikelihood: -81175.2	(delta): 0.0965312
16 (QN/Block) 	Elapsed: 0.459	Loglikelihood: -81175	(delta): 0.173364
17 (QN/Block) 	Elapsed: 0.472	Loglikelihood: -81172.3	(delta): 2.70471
18 (QN/Block) 	Elapsed: 0.541	Loglikelihood: -81160.8	(delta): 11.4788
19 (QN/Block) 	Elapsed: 0.484	Loglikelihood: -81158	(delta): 2.82346
20 (QN/Block) 	Elapsed: 0.418	Loglikelihood: -81157	(delta): 1.02365
21 (QN/Block) 	Elapsed: 0.397	Loglikelihood: -81156.4	(delta): 0.603863
22 (QN/Block) 	Elapsed: 0.399	Loglikelihood: -81156.2	(delta): 0.154945
23 (QN/Block) 	Elapsed: 0.362	Loglikelihood: -81156.1	(delta): 0.0730008
24 (QN/Block) 	Elapsed: 0.368	Loglikelihood: -81156.1	(delta): 0.064239
25 (QN/Block) 	Elapsed: 0.36	Loglikelihood: -81156.1	(delta): 0.0113194
26 (QN/Block) 	Elapsed: 0.36	Loglikelihood: -81156.1	(delta): 0.00129476
27 (QN/Block) 	Elapsed: 0.362	Loglikelihood: -81156.1	(delta): 0.000213806
28 (QN/Block) 	Elapsed: 0.356	Loglikelihood: -81156.1	(delta): 0.000172739
29 (QN/Block) 	Elapsed: 0.36	Loglikelihood: -81156.1	(delta): 2.05464e-05
Summary: 
Converged in 29 iterations (14.773 sec)
Loglikelihood: -81156.069578
Fst divergences between estimated populations: 
	Pop0	Pop1	Pop2	Pop3	Pop4	
Pop0	
Pop1	0.790	
Pop2	0.728	0.781	
Pop3	0.771	0.489	0.748	
Pop4	0.778	0.493	0.754	0.087	
Pop5	0.510	0.656	0.672	0.623	0.631	
CV error (K=6): 0.73774
Writing output files.
