****                   ADMIXTURE Version 1.3.0                  ****
****                    Copyright 2008-2015                     ****
****           David Alexander, Suyash Shringarpure,            ****
****                John  Novembre, Ken Lange                   ****
****                                                            ****
****                 Please cite our paper!                     ****
****   Information at www.genetics.ucla.edu/software/admixture  ****

Cross-validation will be performed.  Folds=10.
Parallel execution requested.  Will use 6 threads.
Random seed: 123
Point estimation method: Block relaxation algorithm
Convergence acceleration algorithm: QuasiNewton, 3 secant conditions
Point estimation will terminate when objective function delta < 0.0001
Estimation of standard errors disabled; will compute point estimates only.
Size of G: 40x7599
Performing five EM steps to prime main algorithm
1 (EM) 	Elapsed: 0.354	Loglikelihood: -242509	(delta): 134540
2 (EM) 	Elapsed: 0.409	Loglikelihood: -227546	(delta): 14963.3
3 (EM) 	Elapsed: 0.362	Loglikelihood: -215959	(delta): 11586.5
4 (EM) 	Elapsed: 0.362	Loglikelihood: -201819	(delta): 14140.8
5 (EM) 	Elapsed: 0.365	Loglikelihood: -184398	(delta): 17420.4
Initial loglikelihood: -184398
Starting main algorithm
1 (QN/Block) 	Elapsed: 0.234	Loglikelihood: -106822	(delta): 77575.8
2 (QN/Block) 	Elapsed: 0.233	Loglikelihood: -93705.3	(delta): 13117
3 (QN/Block) 	Elapsed: 0.461	Loglikelihood: -86362	(delta): 7343.22
4 (QN/Block) 	Elapsed: 0.535	Loglikelihood: -82026.8	(delta): 4335.27
5 (QN/Block) 	Elapsed: 0.552	Loglikelihood: -80199.1	(delta): 1827.7
6 (QN/Block) 	Elapsed: 0.429	Loglikelihood: -79748.6	(delta): 450.496
7 (QN/Block) 	Elapsed: 0.433	Loglikelihood: -79595.5	(delta): 153.036
8 (QN/Block) 	Elapsed: 0.458	Loglikelihood: -79535.7	(delta): 59.8858
9 (QN/Block) 	Elapsed: 0.422	Loglikelihood: -79464.1	(delta): 71.5266
10 (QN/Block) 	Elapsed: 0.42	Loglikelihood: -79399.8	(delta): 64.2948
11 (QN/Block) 	Elapsed: 0.466	Loglikelihood: -79351	(delta): 48.8222
12 (QN/Block) 	Elapsed: 0.417	Loglikelihood: -79303.9	(delta): 47.1429
13 (QN/Block) 	Elapsed: 0.419	Loglikelihood: -79239.6	(delta): 64.3037
14 (QN/Block) 	Elapsed: 0.513	Loglikelihood: -79182.1	(delta): 57.4971
15 (QN/Block) 	Elapsed: 0.465	Loglikelihood: -79106.8	(delta): 75.275
16 (QN/Block) 	Elapsed: 0.486	Loglikelihood: -78851.2	(delta): 255.578
17 (QN/Block) 	Elapsed: 0.546	Loglikelihood: -78681	(delta): 170.196
18 (QN/Block) 	Elapsed: 0.466	Loglikelihood: -78669.6	(delta): 11.3692
19 (QN/Block) 	Elapsed: 0.538	Loglikelihood: -78667.5	(delta): 2.1926
20 (QN/Block) 	Elapsed: 0.428	Loglikelihood: -78667.4	(delta): 0.0321253
21 (QN/Block) 	Elapsed: 0.63	Loglikelihood: -78667.4	(delta): 0.0110831
22 (QN/Block) 	Elapsed: 0.486	Loglikelihood: -78667.4	(delta): 0.00535529
23 (QN/Block) 	Elapsed: 0.417	Loglikelihood: -78667.4	(delta): 0.00292148
24 (QN/Block) 	Elapsed: 0.437	Loglikelihood: -78667.4	(delta): 0.00139748
25 (QN/Block) 	Elapsed: 0.418	Loglikelihood: -78667.4	(delta): 0.000596808
26 (QN/Block) 	Elapsed: 0.558	Loglikelihood: -78667.4	(delta): 0.000149519
27 (QN/Block) 	Elapsed: 0.489	Loglikelihood: -78667.4	(delta): 0.000127828
28 (QN/Block) 	Elapsed: 0.479	Loglikelihood: -78667.4	(delta): 2.19831e-05
Summary: 
Converged in 28 iterations (16.233 sec)
Loglikelihood: -78667.403413
Fst divergences between estimated populations: 
	Pop0	Pop1	Pop2	Pop3	Pop4	Pop5	
Pop0	
Pop1	0.575	
Pop2	0.535	0.755	
Pop3	0.713	0.802	0.740	
Pop4	0.680	0.759	0.716	0.303	
Pop5	0.572	0.099	0.753	0.800	0.757	
Pop6	0.518	0.379	0.693	0.770	0.727	0.380	
CV error (K=7): 0.85359
Writing output files.
