****                   ADMIXTURE Version 1.3.0                  ****
****                    Copyright 2008-2015                     ****
****           David Alexander, Suyash Shringarpure,            ****
****                John  Novembre, Ken Lange                   ****
****                                                            ****
****                 Please cite our paper!                     ****
****   Information at www.genetics.ucla.edu/software/admixture  ****

Cross-validation will be performed.  Folds=10.
Parallel execution requested.  Will use 6 threads.
Random seed: 123
Point estimation method: Block relaxation algorithm
Convergence acceleration algorithm: QuasiNewton, 3 secant conditions
Point estimation will terminate when objective function delta < 0.0001
Estimation of standard errors disabled; will compute point estimates only.
Size of G: 40x7599
Performing five EM steps to prime main algorithm
1 (EM) 	Elapsed: 0.432	Loglikelihood: -239687	(delta): 135505
2 (EM) 	Elapsed: 0.439	Loglikelihood: -220440	(delta): 19246.6
3 (EM) 	Elapsed: 0.484	Loglikelihood: -201291	(delta): 19149.8
4 (EM) 	Elapsed: 0.443	Loglikelihood: -176533	(delta): 24758
5 (EM) 	Elapsed: 0.454	Loglikelihood: -149672	(delta): 26860.8
Initial loglikelihood: -149672
Starting main algorithm
1 (QN/Block) 	Elapsed: 0.302	Loglikelihood: -98664.4	(delta): 51007.4
2 (QN/Block) 	Elapsed: 0.252	Loglikelihood: -88653.1	(delta): 10011.4
3 (QN/Block) 	Elapsed: 0.532	Loglikelihood: -82679.7	(delta): 5973.32
4 (QN/Block) 	Elapsed: 0.495	Loglikelihood: -79325.4	(delta): 3354.29
5 (QN/Block) 	Elapsed: 0.679	Loglikelihood: -77907.8	(delta): 1417.7
6 (QN/Block) 	Elapsed: 0.621	Loglikelihood: -77495.1	(delta): 412.69
7 (QN/Block) 	Elapsed: 0.55	Loglikelihood: -77385.3	(delta): 109.753
8 (QN/Block) 	Elapsed: 0.492	Loglikelihood: -77326.7	(delta): 58.6452
9 (QN/Block) 	Elapsed: 0.523	Loglikelihood: -77306.3	(delta): 20.3567
10 (QN/Block) 	Elapsed: 0.555	Loglikelihood: -77298.3	(delta): 7.99068
11 (QN/Block) 	Elapsed: 0.52	Loglikelihood: -77288.6	(delta): 9.6871
12 (QN/Block) 	Elapsed: 0.642	Loglikelihood: -77264.8	(delta): 23.846
13 (QN/Block) 	Elapsed: 0.647	Loglikelihood: -77240.4	(delta): 24.3513
14 (QN/Block) 	Elapsed: 0.821	Loglikelihood: -77212.9	(delta): 27.5646
15 (QN/Block) 	Elapsed: 0.77	Loglikelihood: -76884.1	(delta): 328.787
16 (QN/Block) 	Elapsed: 0.521	Loglikelihood: -76203.8	(delta): 680.253
17 (QN/Block) 	Elapsed: 0.709	Loglikelihood: -75872	(delta): 331.861
18 (QN/Block) 	Elapsed: 0.635	Loglikelihood: -75825.9	(delta): 46.0272
19 (QN/Block) 	Elapsed: 0.496	Loglikelihood: -75815.2	(delta): 10.7301
20 (QN/Block) 	Elapsed: 0.527	Loglikelihood: -75813.1	(delta): 2.0791
21 (QN/Block) 	Elapsed: 0.653	Loglikelihood: -75813.1	(delta): 0.0341457
22 (QN/Block) 	Elapsed: 0.641	Loglikelihood: -75813.1	(delta): 0.00280118
23 (QN/Block) 	Elapsed: 0.471	Loglikelihood: -75813.1	(delta): 0.000430727
24 (QN/Block) 	Elapsed: 0.521	Loglikelihood: -75813.1	(delta): 3.56184e-06
Summary: 
Converged in 24 iterations (17.44 sec)
Loglikelihood: -75813.092949
Fst divergences between estimated populations: 
	Pop0	Pop1	Pop2	Pop3	Pop4	Pop5	Pop6	
Pop0	
Pop1	0.155	
Pop2	0.771	0.770	
Pop3	0.623	0.621	0.687	
Pop4	0.788	0.786	0.745	0.500	
Pop5	0.143	0.110	0.771	0.620	0.787	
Pop6	0.403	0.395	0.733	0.558	0.714	0.390	
Pop7	0.784	0.783	0.268	0.706	0.770	0.783	0.746	
CV error (K=8): 0.92550
Writing output files.
